<?xml version="1.0" encoding="UTF-8"?>
<robot generator="Robot 4.0 (Python 3.9.0 on win32)" generated="20210414 16:36:17.998" rpa="false" schemaversion="2">
<suite id="s1" name="Smiles" source="D:\Edgar\estudos\robotSmiles\TestCases\smiles.robot">
<test id="s1-t1" name="Pesquisar VÃ´os GRU - CDG">
<kw name="newSession" library="base" type="SETUP">
<kw name="Evaluate" library="BuiltIn">
<var>${options}</var>
<arg>sys.modules['selenium.webdriver.chrome.options'].Options()</arg>
<arg>sys</arg>
<doc>Evaluates the given expression in Python and returns the result.</doc>
<msg timestamp="20210414 16:36:19.454" level="INFO">${options} = &lt;selenium.webdriver.chrome.options.Options object at 0x000002E472B89A60&gt;</msg>
<status status="PASS" starttime="20210414 16:36:19.454" endtime="20210414 16:36:19.454"/>
</kw>
<kw name="Call Method" library="BuiltIn">
<arg>${options}</arg>
<arg>add_argument</arg>
<arg>--disable-notifications</arg>
<doc>Calls the named method of the given object with the provided arguments.</doc>
<status status="PASS" starttime="20210414 16:36:19.454" endtime="20210414 16:36:19.454"/>
</kw>
<kw name="Call Method" library="BuiltIn">
<arg>${options}</arg>
<arg>add_argument</arg>
<arg>headless</arg>
<doc>Calls the named method of the given object with the provided arguments.</doc>
<status status="PASS" starttime="20210414 16:36:19.454" endtime="20210414 16:36:19.454"/>
</kw>
<kw name="Call Method" library="BuiltIn">
<arg>${options}</arg>
<arg>add_argument</arg>
<arg>disable-gpu</arg>
<doc>Calls the named method of the given object with the provided arguments.</doc>
<status status="PASS" starttime="20210414 16:36:19.454" endtime="20210414 16:36:19.454"/>
</kw>
<kw name="Create Webdriver" library="SeleniumLibrary">
<var>${driver}</var>
<arg>Chrome</arg>
<arg>options=${options}</arg>
<doc>Creates an instance of Selenium WebDriver.</doc>
<msg timestamp="20210414 16:36:19.454" level="INFO">Creating an instance of the Chrome WebDriver.</msg>
<kw name="Capture Page Screenshot" library="SeleniumLibrary">
<doc>Takes a screenshot of the current page and embeds it into a log file.</doc>
<msg timestamp="20210414 16:36:25.088" level="INFO">Cannot capture screenshot because no browser is open.</msg>
<status status="PASS" starttime="20210414 16:36:25.088" endtime="20210414 16:36:25.088"/>
</kw>
<msg timestamp="20210414 16:36:25.314" level="FAIL">SessionNotCreatedException: Message: session not created: This version of ChromeDriver only supports Chrome version 87
Current browser version is 89.0.4389.128 with binary path C:\Program Files (x86)\Google\Chrome\Application\chrome.exe
</msg>
<status status="FAIL" starttime="20210414 16:36:19.454" endtime="20210414 16:36:25.314"/>
</kw>
<kw name="Go To" library="SeleniumLibrary">
<arg>${url}</arg>
<doc>Navigates the current browser window to the provided ``url``.</doc>
<status status="NOT RUN" starttime="20210414 16:36:25.314" endtime="20210414 16:36:25.314"/>
</kw>
<kw name="Capture Page Screenshot" library="SeleniumLibrary">
<doc>Takes a screenshot of the current page and embeds it into a log file.</doc>
<status status="NOT RUN" starttime="20210414 16:36:25.314" endtime="20210414 16:36:25.314"/>
</kw>
<kw name="Maximize Browser Window" library="SeleniumLibrary">
<doc>Maximizes current browser window.</doc>
<status status="NOT RUN" starttime="20210414 16:36:25.314" endtime="20210414 16:36:25.314"/>
</kw>
<kw name="Set Window Size" library="SeleniumLibrary">
<arg>${1920}</arg>
<arg>${1080}</arg>
<doc>Sets current windows size to given ``width`` and ``height``.</doc>
<status status="NOT RUN" starttime="20210414 16:36:25.314" endtime="20210414 16:36:25.314"/>
</kw>
<kw name="Capture Page Screenshot" library="SeleniumLibrary">
<doc>Takes a screenshot of the current page and embeds it into a log file.</doc>
<status status="NOT RUN" starttime="20210414 16:36:25.314" endtime="20210414 16:36:25.314"/>
</kw>
<kw name="Set Selenium Timeout" library="SeleniumLibrary">
<arg>30 seconds</arg>
<doc>Sets the timeout that is used by various keywords.</doc>
<status status="NOT RUN" starttime="20210414 16:36:25.314" endtime="20210414 16:36:25.314"/>
</kw>
<status status="FAIL" starttime="20210414 16:36:19.454" endtime="20210414 16:36:25.315"/>
</kw>
<kw name="closeSession" library="base" type="TEARDOWN">
<kw name="Capture Page Screenshot" library="SeleniumLibrary">
<doc>Takes a screenshot of the current page and embeds it into a log file.</doc>
<msg timestamp="20210414 16:36:25.316" level="INFO">Cannot capture screenshot because no browser is open.</msg>
<status status="PASS" starttime="20210414 16:36:25.316" endtime="20210414 16:36:25.317"/>
</kw>
<kw name="Close Browser" library="SeleniumLibrary">
<doc>Closes the current browser.</doc>
<status status="PASS" starttime="20210414 16:36:25.317" endtime="20210414 16:36:25.317"/>
</kw>
<status status="PASS" starttime="20210414 16:36:25.316" endtime="20210414 16:36:25.317"/>
</kw>
<tag>gru_cdg</tag>
<status status="FAIL" starttime="20210414 16:36:19.454" endtime="20210414 16:36:25.317">Setup failed:
SessionNotCreatedException: Message: session not created: This version of ChromeDriver only supports Chrome version 87
Current browser version is 89.0.4389.128 with binary path C:\Program Files (x86)\Google\Chrome\Application\chrome.exe
</status>
</test>
<status status="FAIL" starttime="20210414 16:36:17.998" endtime="20210414 16:36:25.320"/>
</suite>
<statistics>
<total>
<stat pass="0" fail="1" skip="0">All Tests</stat>
</total>
<tag>
<stat pass="0" fail="1" skip="0">gru_cdg</stat>
</tag>
<suite>
<stat pass="0" fail="1" skip="0" id="s1" name="Smiles">Smiles</stat>
</suite>
</statistics>
<errors>
</errors>
</robot>
